/Users/georgenavas/.rvm/rubies/ruby-2.2.0/lib/ruby/2.2.0/net/http.rb:879:in `initialize': Operation timed out - connect(2) for "www.opentable.com" port 80 (Errno::ETIMEDOUT)
	from /Users/georgenavas/.rvm/rubies/ruby-2.2.0/lib/ruby/2.2.0/net/http.rb:879:in `open'
	from /Users/georgenavas/.rvm/rubies/ruby-2.2.0/lib/ruby/2.2.0/net/http.rb:879:in `block in connect'
	from /Users/georgenavas/.rvm/rubies/ruby-2.2.0/lib/ruby/2.2.0/timeout.rb:74:in `timeout'
	from /Users/georgenavas/.rvm/rubies/ruby-2.2.0/lib/ruby/2.2.0/net/http.rb:878:in `connect'
	from /Users/georgenavas/.rvm/rubies/ruby-2.2.0/lib/ruby/2.2.0/net/http.rb:863:in `do_start'
	from /Users/georgenavas/.rvm/rubies/ruby-2.2.0/lib/ruby/2.2.0/net/http.rb:852:in `start'
	from /Users/georgenavas/.rvm/rubies/ruby-2.2.0/lib/ruby/2.2.0/open-uri.rb:318:in `open_http'
	from /Users/georgenavas/.rvm/rubies/ruby-2.2.0/lib/ruby/2.2.0/open-uri.rb:736:in `buffer_open'
	from /Users/georgenavas/.rvm/rubies/ruby-2.2.0/lib/ruby/2.2.0/open-uri.rb:211:in `block in open_loop'
	from /Users/georgenavas/.rvm/rubies/ruby-2.2.0/lib/ruby/2.2.0/open-uri.rb:209:in `catch'
	from /Users/georgenavas/.rvm/rubies/ruby-2.2.0/lib/ruby/2.2.0/open-uri.rb:209:in `open_loop'
	from /Users/georgenavas/.rvm/rubies/ruby-2.2.0/lib/ruby/2.2.0/open-uri.rb:150:in `open_uri'
	from /Users/georgenavas/.rvm/rubies/ruby-2.2.0/lib/ruby/2.2.0/open-uri.rb:716:in `open'
	from /Users/georgenavas/.rvm/rubies/ruby-2.2.0/lib/ruby/2.2.0/open-uri.rb:34:in `open'
	from ./noko.rb:27:in `block (3 levels) in <main>'
	from ./noko.rb:24:in `each'
	from ./noko.rb:24:in `block (2 levels) in <main>'
	from ./noko.rb:21:in `each'
	from ./noko.rb:21:in `block in <main>'
	from ./noko.rb:18:in `each'
	from ./noko.rb:18:in `<main>'
start_crawl
2015-07-18 14:01:32 -0500
